{"total": {"lines":{"total":133,"covered":132,"skipped":0,"pct":99.24},"statements":{"total":145,"covered":140,"skipped":0,"pct":96.55},"functions":{"total":28,"covered":28,"skipped":0,"pct":100},"branches":{"total":77,"covered":60,"skipped":0,"pct":77.92},"branchesTrue":{"total":0,"covered":0,"skipped":0,"pct":"Unknown"}}
,"/Users/zak/opensource/mongoose/src/extension.ts": {"lines":{"total":46,"covered":46,"skipped":0,"pct":100},"functions":{"total":13,"covered":13,"skipped":0,"pct":100},"statements":{"total":51,"covered":50,"skipped":0,"pct":98.03},"branches":{"total":9,"covered":8,"skipped":0,"pct":88.88}}
,"/Users/zak/opensource/mongoose/src/index.ts": {"lines":{"total":87,"covered":86,"skipped":0,"pct":98.85},"functions":{"total":15,"covered":15,"skipped":0,"pct":100},"statements":{"total":94,"covered":90,"skipped":0,"pct":95.74},"branches":{"total":68,"covered":52,"skipped":0,"pct":76.47}}
}
